#-----------------------------------------------------------
# Vivado v2018.2 (64-bit)
# SW Build 2258646 on Thu Jun 14 20:03:12 MDT 2018
# IP Build 2256618 on Thu Jun 14 22:10:49 MDT 2018
# Start of session at: Sun May 11 12:46:46 2025
# Process ID: 2776
# Current directory: C:/Nano_processor
# Command line: vivado.exe -gui_launcher_event rodinguilauncherevent18512 C:\Nano_processor\nanoprocessor.xpr
# Log file: C:/Nano_processor/vivado.log
# Journal file: C:/Nano_processor\vivado.jou
#-----------------------------------------------------------
start_gui
open_project C:/Nano_processor/nanoprocessor.xpr
Scanning sources...
Finished scanning sources
INFO: [IP_Flow 19-234] Refreshing IP repositories
INFO: [IP_Flow 19-1704] No user IP repositories specified
INFO: [IP_Flow 19-2313] Loaded Vivado IP repository 'C:/Xilinx/Vivado/2018.2/data/ip'.
open_project: Time (s): cpu = 00:00:11 ; elapsed = 00:00:06 . Memory (MB): peak = 891.145 ; gain = 163.477
update_compile_order -fileset sources_1
exit
INFO: [Common 17-206] Exiting Vivado at Sun May 11 12:48:10 2025...
