#-----------------------------------------------------------
# Vivado v2018.1 (64-bit)
# SW Build 2188600 on Wed Apr  4 18:40:38 MDT 2018
# IP Build 2185939 on Wed Apr  4 20:55:05 MDT 2018
# Start of session at: Wed May  7 15:48:21 2025
# Process ID: 17328
# Current directory: E:/Nano_Prosessor
# Command line: vivado.exe -gui_launcher_event rodinguilauncherevent18196 E:\Nano_Prosessor\nanoprocessor.xpr
# Log file: E:/Nano_Prosessor/vivado.log
# Journal file: E:/Nano_Prosessor\vivado.jou
#-----------------------------------------------------------
start_gui
open_project E:/Nano_Prosessor/nanoprocessor.xpr
CRITICAL WARNING: [Project 1-19] Could not find the file 'E:/Nano_Prosessor/nanoprocessor.srcs/sources_1/new/8_way_4_bit_MUX.vhd'.
CRITICAL WARNING: [Project 1-19] Could not find the file 'E:/Nano_Prosessor/nanoprocessor.srcs/sources_1/new/8_way_4_bit_MUX.vhd'.
Scanning sources...
Finished scanning sources
INFO: [IP_Flow 19-234] Refreshing IP repositories
INFO: [IP_Flow 19-1704] No user IP repositories specified
INFO: [IP_Flow 19-2313] Loaded Vivado IP repository 'C:/Xilinx/Vivado/2018.1/data/ip'.
open_project: Time (s): cpu = 00:00:06 ; elapsed = 00:00:05 . Memory (MB): peak = 903.133 ; gain = 126.992
update_compile_order -fileset sources_1
update_compile_order -fileset sim_1
update_compile_order -fileset sources_1
export_ip_user_files -of_objects  [get_files E:/Nano_Prosessor/nanoprocessor.srcs/sources_1/new/8_way_4_bit_MUX.vhd] -no_script -reset -force -quiet
remove_files  E:/Nano_Prosessor/nanoprocessor.srcs/sources_1/new/8_way_4_bit_MUX.vhd
exit
INFO: [Common 17-206] Exiting Vivado at Wed May  7 15:51:34 2025...
