#-----------------------------------------------------------
# Vivado v2018.1 (64-bit)
# SW Build 2188600 on Wed Apr  4 18:40:38 MDT 2018
# IP Build 2185939 on Wed Apr  4 20:55:05 MDT 2018
# Start of session at: Fri May  2 12:06:14 2025
# Process ID: 2720
# Current directory: E:/Nano_Prosessor
# Command line: vivado.exe -gui_launcher_event rodinguilauncherevent18996 E:\Nano_Prosessor\nanoprocessor.xpr
# Log file: E:/Nano_Prosessor/vivado.log
# Journal file: E:/Nano_Prosessor\vivado.jou
#-----------------------------------------------------------
start_gui
open_project E:/Nano_Prosessor/nanoprocessor.xpr
INFO: [Project 1-313] Project file moved from 'C:/Users/ASUS/Desktop/Digital Design/Vivado/nanoprocessor' since last save.
Scanning sources...
Finished scanning sources
WARNING: [filemgmt 56-2] IPUserFilesDir: Could not find the directory 'E:/Nano_Prosessor/nanoprocessor.ip_user_files', nor could it be found using path 'C:/Users/ASUS/Desktop/Digital Design/Vivado/nanoprocessor/nanoprocessor.ip_user_files'.
INFO: [IP_Flow 19-234] Refreshing IP repositories
INFO: [IP_Flow 19-1704] No user IP repositories specified
INFO: [IP_Flow 19-2313] Loaded Vivado IP repository 'C:/Xilinx/Vivado/2018.1/data/ip'.
file mkdir E:/Nano_Prosessor/nanoprocessor.srcs/sources_1/new
close [ open E:/Nano_Prosessor/nanoprocessor.srcs/sources_1/new/Reg.vhd w ]
add_files E:/Nano_Prosessor/nanoprocessor.srcs/sources_1/new/Reg.vhd
update_compile_order -fileset sources_1
file mkdir E:/Nano_Prosessor/nanoprocessor.srcs/sim_1/new
set_property SOURCE_SET sources_1 [get_filesets sim_1]
close [ open E:/Nano_Prosessor/nanoprocessor.srcs/sim_1/new/TB_Reg.vhd w ]
add_files -fileset sim_1 E:/Nano_Prosessor/nanoprocessor.srcs/sim_1/new/TB_Reg.vhd
update_compile_order -fileset sim_1
close [ open E:/Nano_Prosessor/nanoprocessor.srcs/sources_1/new/Slow_Clk.vhd w ]
add_files E:/Nano_Prosessor/nanoprocessor.srcs/sources_1/new/Slow_Clk.vhd
update_compile_order -fileset sources_1
export_ip_user_files -of_objects  [get_files E:/Nano_Prosessor/nanoprocessor.srcs/sim_1/new/TB_Reg.vhd] -no_script -reset -force -quiet
remove_files  -fileset sim_1 E:/Nano_Prosessor/nanoprocessor.srcs/sim_1/new/TB_Reg.vhd
exit
INFO: [Common 17-206] Exiting Vivado at Fri May  2 12:25:54 2025...
