#-----------------------------------------------------------
<<<<<<< HEAD
# Vivado v2018.1 (64-bit)
# SW Build 2188600 on Wed Apr  4 18:40:38 MDT 2018
# IP Build 2185939 on Wed Apr  4 20:55:05 MDT 2018
<<<<<<< HEAD
<<<<<<< HEAD
# Start of session at: Wed May  7 22:09:54 2025
# Process ID: 22496
# Current directory: E:/Nano_Prosessor
# Command line: vivado.exe -gui_launcher_event rodinguilauncherevent20888 E:\Nano_Prosessor\nanoprocessor.xpr
# Log file: E:/Nano_Prosessor/vivado.log
# Journal file: E:/Nano_Prosessor\vivado.jou
=======
# Start of session at: Wed May 14 21:07:14 2025
# Process ID: 31956
# Current directory: C:/Users/ASUS/Desktop/Digital Design/Vivado/nanoprocessor
# Command line: vivado.exe -gui_launcher_event rodinguilauncherevent13408 C:\Users\ASUS\Desktop\Digital Design\Vivado\nanoprocessor\nanoprocessor.xpr
# Log file: C:/Users/ASUS/Desktop/Digital Design/Vivado/nanoprocessor/vivado.log
# Journal file: C:/Users/ASUS/Desktop/Digital Design/Vivado/nanoprocessor\vivado.jou
>>>>>>> lahiru
#-----------------------------------------------------------
start_gui
open_project E:/Nano_Prosessor/nanoprocessor.xpr
=======
# Vivado v2018.2 (64-bit)
# SW Build 2258646 on Thu Jun 14 20:03:12 MDT 2018
# IP Build 2256618 on Thu Jun 14 22:10:49 MDT 2018
# Start of session at: Sun May 11 13:16:17 2025
# Process ID: 25288
# Current directory: C:/Nano_processor
# Command line: vivado.exe -gui_launcher_event rodinguilauncherevent24004 C:\Nano_processor\nanoprocessor.xpr
# Log file: C:/Nano_processor/vivado.log
# Journal file: C:/Nano_processor\vivado.jou
#-----------------------------------------------------------
start_gui
open_project C:/Nano_processor/nanoprocessor.xpr
>>>>>>> origin/sandeni
=======
# Start of session at: Wed May 14 21:04:45 2025
# Process ID: 42264
# Current directory: D:/nano_processor/Nano_processor
# Command line: vivado.exe -gui_launcher_event rodinguilauncherevent8048 D:\nano_processor\Nano_processor\nanoprocessor.xpr
# Log file: D:/nano_processor/Nano_processor/vivado.log
# Journal file: D:/nano_processor/Nano_processor\vivado.jou
#-----------------------------------------------------------
start_gui
open_project D:/nano_processor/Nano_processor/nanoprocessor.xpr
CRITICAL WARNING: [Project 1-19] Could not find the file 'D:/nano_processor/Nano_processor/nanoprocessor.srcs/sources_1/new/8_way_4_bit_MUX.vhd'.
CRITICAL WARNING: [Project 1-19] Could not find the file 'D:/nano_processor/Nano_processor/nanoprocessor.srcs/sources_1/new/8_way_4_bit_MUX.vhd'.
>>>>>>> origin/sandaru
Scanning sources...
Finished scanning sources
INFO: [IP_Flow 19-234] Refreshing IP repositories
INFO: [IP_Flow 19-1704] No user IP repositories specified
<<<<<<< HEAD
INFO: [IP_Flow 19-2313] Loaded Vivado IP repository 'C:/Xilinx/Vivado/2018.1/data/ip'.
<<<<<<< HEAD
open_project: Time (s): cpu = 00:00:05 ; elapsed = 00:00:05 . Memory (MB): peak = 891.004 ; gain = 126.211
update_compile_order -fileset sources_1
close [ open E:/Nano_Prosessor/nanoprocessor.srcs/sources_1/new/Instruction_Decoder.vhd w ]
add_files E:/Nano_Prosessor/nanoprocessor.srcs/sources_1/new/Instruction_Decoder.vhd
update_compile_order -fileset sources_1
set_property top Instruction_Decoder [current_fileset]
update_compile_order -fileset sources_1
synth_design -rtl -name rtl_1
Command: synth_design -rtl -name rtl_1
Starting synth_design
Using part: xc7a35tcpg236-1
Top: Instruction_Decoder
---------------------------------------------------------------------------------
Starting RTL Elaboration : Time (s): cpu = 00:00:03 ; elapsed = 00:00:03 . Memory (MB): peak = 1199.625 ; gain = 109.793
---------------------------------------------------------------------------------
WARNING: [Synth 8-2551] possible infinite loop; process does not have a wait statement [E:/Nano_Prosessor/nanoprocessor.srcs/sources_1/new/Instruction_Decoder.vhd:54]
INFO: [Synth 8-638] synthesizing module 'Instruction_Decoder' [E:/Nano_Prosessor/nanoprocessor.srcs/sources_1/new/Instruction_Decoder.vhd:47]
WARNING: [Synth 8-3848] Net Jmp_Adrs in module/entity Instruction_Decoder does not have driver. [E:/Nano_Prosessor/nanoprocessor.srcs/sources_1/new/Instruction_Decoder.vhd:37]
INFO: [Synth 8-256] done synthesizing module 'Instruction_Decoder' (1#1) [E:/Nano_Prosessor/nanoprocessor.srcs/sources_1/new/Instruction_Decoder.vhd:47]
WARNING: [Synth 8-3917] design Instruction_Decoder has port Jmp_Flag driven by constant 0
WARNING: [Synth 8-3917] design Instruction_Decoder has port Val_Sel driven by constant 0
WARNING: [Synth 8-3331] design Instruction_Decoder has unconnected port Jmp_Adrs[2]
WARNING: [Synth 8-3331] design Instruction_Decoder has unconnected port Jmp_Adrs[1]
WARNING: [Synth 8-3331] design Instruction_Decoder has unconnected port Jmp_Adrs[0]
WARNING: [Synth 8-3331] design Instruction_Decoder has unconnected port Che_Jmp[3]
WARNING: [Synth 8-3331] design Instruction_Decoder has unconnected port Che_Jmp[2]
WARNING: [Synth 8-3331] design Instruction_Decoder has unconnected port Che_Jmp[1]
WARNING: [Synth 8-3331] design Instruction_Decoder has unconnected port Che_Jmp[0]
---------------------------------------------------------------------------------
Finished RTL Elaboration : Time (s): cpu = 00:00:03 ; elapsed = 00:00:03 . Memory (MB): peak = 1252.895 ; gain = 163.062
---------------------------------------------------------------------------------

Report Check Netlist: 
+------+------------------+-------+---------+-------+------------------+
|      |Item              |Errors |Warnings |Status |Description       |
+------+------------------+-------+---------+-------+------------------+
|1     |multi_driven_nets |      0|        0|Passed |Multi driven nets |
+------+------------------+-------+---------+-------+------------------+
---------------------------------------------------------------------------------
Start Handling Custom Attributes
---------------------------------------------------------------------------------
---------------------------------------------------------------------------------
Finished Handling Custom Attributes : Time (s): cpu = 00:00:03 ; elapsed = 00:00:04 . Memory (MB): peak = 1252.895 ; gain = 163.062
---------------------------------------------------------------------------------
---------------------------------------------------------------------------------
Finished RTL Optimization Phase 1 : Time (s): cpu = 00:00:03 ; elapsed = 00:00:04 . Memory (MB): peak = 1252.895 ; gain = 163.062
---------------------------------------------------------------------------------
INFO: [Device 21-403] Loading part xc7a35tcpg236-1
INFO: [Project 1-570] Preparing netlist for logic optimization
INFO: [Opt 31-141] Inserted 2 OBUFs to IO ports without IO buffers.

Processing XDC Constraints
Initializing timing engine
Completed Processing XDC Constraints

INFO: [Opt 31-138] Pushed 0 inverter(s) to 0 load pin(s).
INFO: [Project 1-111] Unisim Transformation Summary:
No Unisim elements were transformed.

RTL Elaboration Complete:  : Time (s): cpu = 00:00:13 ; elapsed = 00:00:11 . Memory (MB): peak = 1644.238 ; gain = 554.406
7 Infos, 11 Warnings, 0 Critical Warnings and 0 Errors encountered.
synth_design completed successfully
synth_design: Time (s): cpu = 00:00:13 ; elapsed = 00:00:11 . Memory (MB): peak = 1644.238 ; gain = 554.406
refresh_design
---------------------------------------------------------------------------------
Starting RTL Elaboration : Time (s): cpu = 00:00:02 ; elapsed = 00:00:03 . Memory (MB): peak = 1644.238 ; gain = 0.000
---------------------------------------------------------------------------------
WARNING: [Synth 8-2551] possible infinite loop; process does not have a wait statement [E:/Nano_Prosessor/nanoprocessor.srcs/sources_1/new/Instruction_Decoder.vhd:54]
INFO: [Synth 8-638] synthesizing module 'Instruction_Decoder' [E:/Nano_Prosessor/nanoprocessor.srcs/sources_1/new/Instruction_Decoder.vhd:47]
ERROR: [Synth 8-690] width mismatch in assignment; target has 3 bits, source has 4 bits [E:/Nano_Prosessor/nanoprocessor.srcs/sources_1/new/Instruction_Decoder.vhd:82]
ERROR: [Synth 8-285] failed synthesizing module 'Instruction_Decoder' [E:/Nano_Prosessor/nanoprocessor.srcs/sources_1/new/Instruction_Decoder.vhd:47]
---------------------------------------------------------------------------------
Finished RTL Elaboration : Time (s): cpu = 00:00:03 ; elapsed = 00:00:03 . Memory (MB): peak = 1644.238 ; gain = 0.000
---------------------------------------------------------------------------------
RTL Elaboration failed
ERROR: [Common 17-39] 'refresh_design' failed due to earlier errors.
refresh_design
---------------------------------------------------------------------------------
Starting RTL Elaboration : Time (s): cpu = 00:00:02 ; elapsed = 00:00:03 . Memory (MB): peak = 1644.238 ; gain = 0.000
---------------------------------------------------------------------------------
WARNING: [Synth 8-2551] possible infinite loop; process does not have a wait statement [E:/Nano_Prosessor/nanoprocessor.srcs/sources_1/new/Instruction_Decoder.vhd:54]
INFO: [Synth 8-638] synthesizing module 'Instruction_Decoder' [E:/Nano_Prosessor/nanoprocessor.srcs/sources_1/new/Instruction_Decoder.vhd:47]
ERROR: [Synth 8-690] width mismatch in assignment; target has 3 bits, source has 4 bits [E:/Nano_Prosessor/nanoprocessor.srcs/sources_1/new/Instruction_Decoder.vhd:82]
ERROR: [Synth 8-285] failed synthesizing module 'Instruction_Decoder' [E:/Nano_Prosessor/nanoprocessor.srcs/sources_1/new/Instruction_Decoder.vhd:47]
---------------------------------------------------------------------------------
Finished RTL Elaboration : Time (s): cpu = 00:00:03 ; elapsed = 00:00:03 . Memory (MB): peak = 1644.238 ; gain = 0.000
---------------------------------------------------------------------------------
RTL Elaboration failed
ERROR: [Common 17-39] 'refresh_design' failed due to earlier errors.
refresh_design
---------------------------------------------------------------------------------
Starting RTL Elaboration : Time (s): cpu = 00:00:02 ; elapsed = 00:00:03 . Memory (MB): peak = 1644.238 ; gain = 0.000
---------------------------------------------------------------------------------
WARNING: [Synth 8-2551] possible infinite loop; process does not have a wait statement [E:/Nano_Prosessor/nanoprocessor.srcs/sources_1/new/Instruction_Decoder.vhd:54]
INFO: [Synth 8-638] synthesizing module 'Instruction_Decoder' [E:/Nano_Prosessor/nanoprocessor.srcs/sources_1/new/Instruction_Decoder.vhd:47]
WARNING: [Synth 8-3848] Net Jmp_Adrs in module/entity Instruction_Decoder does not have driver. [E:/Nano_Prosessor/nanoprocessor.srcs/sources_1/new/Instruction_Decoder.vhd:37]
INFO: [Synth 8-256] done synthesizing module 'Instruction_Decoder' (1#1) [E:/Nano_Prosessor/nanoprocessor.srcs/sources_1/new/Instruction_Decoder.vhd:47]
WARNING: [Synth 8-3917] design Instruction_Decoder has port Jmp_Flag driven by constant 0
WARNING: [Synth 8-3917] design Instruction_Decoder has port Val_Sel driven by constant 0
WARNING: [Synth 8-3331] design Instruction_Decoder has unconnected port Jmp_Adrs[2]
WARNING: [Synth 8-3331] design Instruction_Decoder has unconnected port Jmp_Adrs[1]
WARNING: [Synth 8-3331] design Instruction_Decoder has unconnected port Jmp_Adrs[0]
WARNING: [Synth 8-3331] design Instruction_Decoder has unconnected port Che_Jmp[3]
WARNING: [Synth 8-3331] design Instruction_Decoder has unconnected port Che_Jmp[2]
WARNING: [Synth 8-3331] design Instruction_Decoder has unconnected port Che_Jmp[1]
WARNING: [Synth 8-3331] design Instruction_Decoder has unconnected port Che_Jmp[0]
---------------------------------------------------------------------------------
Finished RTL Elaboration : Time (s): cpu = 00:00:03 ; elapsed = 00:00:03 . Memory (MB): peak = 1644.238 ; gain = 0.000
---------------------------------------------------------------------------------

Report Check Netlist: 
+------+------------------+-------+---------+-------+------------------+
|      |Item              |Errors |Warnings |Status |Description       |
+------+------------------+-------+---------+-------+------------------+
|1     |multi_driven_nets |      0|        0|Passed |Multi driven nets |
+------+------------------+-------+---------+-------+------------------+
---------------------------------------------------------------------------------
Start Handling Custom Attributes
---------------------------------------------------------------------------------
---------------------------------------------------------------------------------
Finished Handling Custom Attributes : Time (s): cpu = 00:00:03 ; elapsed = 00:00:03 . Memory (MB): peak = 1644.238 ; gain = 0.000
---------------------------------------------------------------------------------
---------------------------------------------------------------------------------
Finished RTL Optimization Phase 1 : Time (s): cpu = 00:00:03 ; elapsed = 00:00:03 . Memory (MB): peak = 1644.238 ; gain = 0.000
---------------------------------------------------------------------------------
INFO: [Project 1-570] Preparing netlist for logic optimization
INFO: [Opt 31-141] Inserted 2 OBUFs to IO ports without IO buffers.

Processing XDC Constraints
Initializing timing engine
Completed Processing XDC Constraints

INFO: [Opt 31-138] Pushed 0 inverter(s) to 0 load pin(s).
exit
INFO: [Common 17-206] Exiting Vivado at Wed May  7 23:06:02 2025...
=======
INFO: [IP_Flow 19-2313] Loaded Vivado IP repository 'C:/Xilinx/Vivado/2018.2/data/ip'.
open_project: Time (s): cpu = 00:00:14 ; elapsed = 00:00:08 . Memory (MB): peak = 843.773 ; gain = 130.734
update_compile_order -fileset sources_1
import_files -norecurse C:/Adder_Subtractor/Adder_Subtractor.srcs/sources_1/new/Program_Counter.vhd
update_compile_order -fileset sources_1
set_property SOURCE_SET sources_1 [get_filesets sim_1]
import_files -fileset sim_1 -norecurse C:/Adder_Subtractor/Adder_Subtractor.srcs/sim_1/new/TB_ProgramCounter.vhd
update_compile_order -fileset sim_1
reset_run synth_1
launch_runs synth_1 -jobs 6
[Sun May 11 13:19:43 2025] Launched synth_1...
Run output will be captured here: C:/Nano_processor/nanoprocessor.runs/synth_1/runme.log
launch_runs impl_1 -jobs 6
[Sun May 11 13:20:32 2025] Launched impl_1...
Run output will be captured here: C:/Nano_processor/nanoprocessor.runs/impl_1/runme.log
exit
INFO: [Common 17-206] Exiting Vivado at Sun May 11 13:22:08 2025...
>>>>>>> origin/sandeni
=======
open_project: Time (s): cpu = 00:00:14 ; elapsed = 00:00:10 . Memory (MB): peak = 893.109 ; gain = 125.301
update_compile_order -fileset sources_1
update_compile_order -fileset sim_1
update_compile_order -fileset sources_1
export_ip_user_files -of_objects  [get_files D:/nano_processor/Nano_processor/nanoprocessor.srcs/sources_1/new/8_way_4_bit_MUX.vhd] -no_script -reset -force -quiet
remove_files  D:/nano_processor/Nano_processor/nanoprocessor.srcs/sources_1/new/8_way_4_bit_MUX.vhd
close [ open D:/nano_processor/Nano_processor/nanoprocessor.srcs/sources_1/new/Programm_Rom.vhd w ]
add_files D:/nano_processor/Nano_processor/nanoprocessor.srcs/sources_1/new/Programm_Rom.vhd
update_compile_order -fileset sources_1
set_property top Programm_Rom [current_fileset]
update_compile_order -fileset sources_1
launch_runs impl_1 -jobs 6
[Wed May 14 21:14:38 2025] Launched synth_1...
Run output will be captured here: D:/nano_processor/Nano_processor/nanoprocessor.runs/synth_1/runme.log
[Wed May 14 21:14:38 2025] Launched impl_1...
Run output will be captured here: D:/nano_processor/Nano_processor/nanoprocessor.runs/impl_1/runme.log
open_run impl_1
INFO: [Netlist 29-17] Analyzing 4 Unisim elements for replacement
INFO: [Netlist 29-28] Unisim Transformation completed in 0 CPU seconds
INFO: [Project 1-479] Netlist was created with Vivado 2018.1
INFO: [Device 21-403] Loading part xc7a35tcpg236-1
INFO: [Project 1-570] Preparing netlist for logic optimization
INFO: [Timing 38-478] Restoring timing data from binary archive.
INFO: [Timing 38-479] Binary timing data restore complete.
INFO: [Project 1-856] Restoring constraints from binary archive.
INFO: [Project 1-853] Binary constraint restore complete.
Reading XDEF placement.
Reading placer database...
Reading XDEF routing.
Read XDEF File: Time (s): cpu = 00:00:00 ; elapsed = 00:00:00.021 . Memory (MB): peak = 1782.023 ; gain = 0.000
Restored from archive | CPU: 0.000000 secs | Memory: 0.000000 MB |
Finished XDEF File Restore: Time (s): cpu = 00:00:00 ; elapsed = 00:00:00.021 . Memory (MB): peak = 1782.023 ; gain = 0.000
INFO: [Project 1-111] Unisim Transformation Summary:
No Unisim elements were transformed.

open_run: Time (s): cpu = 00:00:21 ; elapsed = 00:00:18 . Memory (MB): peak = 1857.633 ; gain = 887.828
WARNING: [Timing 38-313] There are no user specified timing constraints. Timing constraints are needed for proper timing analysis.
exit
INFO: [Common 17-206] Exiting Vivado at Wed May 14 21:16:50 2025...
>>>>>>> origin/sandaru
=======
INFO: [IP_Flow 19-2313] Loaded Vivado IP repository 'D:/Applications/Vivado/2018.1/data/ip'.
update_compile_order -fileset sources_1
>>>>>>> lahiru
