#-----------------------------------------------------------
# Vivado v2018.1 (64-bit)
# SW Build 2188600 on Wed Apr  4 18:40:38 MDT 2018
# IP Build 2185939 on Wed Apr  4 20:55:05 MDT 2018
# Start of session at: Wed May 14 22:03:17 2025
# Process ID: 32260
# Current directory: C:/Users/ASUS/Desktop/Digital Design/Vivado/nanoprocessor
# Command line: vivado.exe -gui_launcher_event rodinguilauncherevent32444 C:\Users\ASUS\Desktop\Digital Design\Vivado\nanoprocessor\nanoprocessor.xpr
# Log file: C:/Users/ASUS/Desktop/Digital Design/Vivado/nanoprocessor/vivado.log
# Journal file: C:/Users/ASUS/Desktop/Digital Design/Vivado/nanoprocessor\vivado.jou
#-----------------------------------------------------------
start_gui
open_project {C:/Users/ASUS/Desktop/Digital Design/Vivado/nanoprocessor/nanoprocessor.xpr}
INFO: [Project 1-313] Project file moved from 'E:/Nano_Prosessor' since last save.
Scanning sources...
Finished scanning sources
CRITICAL WARNING: [Project 1-505] Unrecognized Option Name Snapshot
INFO: [IP_Flow 19-234] Refreshing IP repositories
INFO: [IP_Flow 19-1704] No user IP repositories specified
INFO: [IP_Flow 19-2313] Loaded Vivado IP repository 'D:/Applications/Vivado/2018.1/data/ip'.
update_compile_order -fileset sources_1
update_compile_order -fileset sim_1
close_project
create_project Nano_processor_v1 {C:/Users/ASUS/Desktop/Digital Design/Vivado/Nano_processor_v1} -part xc7a35tcpg236-1
INFO: [IP_Flow 19-234] Refreshing IP repositories
INFO: [IP_Flow 19-1704] No user IP repositories specified
INFO: [IP_Flow 19-2313] Loaded Vivado IP repository 'D:/Applications/Vivado/2018.1/data/ip'.
set_property board_part digilentinc.com:basys3:part0:1.2 [current_project]
file mkdir C:/Users/ASUS/Desktop/Digital Design/Vivado/Nano_processor_v1/Nano_processor_v1.srcs/sources_1/new
file mkdir C:/Users/ASUS/Desktop/Digital Design/Vivado/Nano_processor_v1/Nano_processor_v1.srcs/sources_1/new
file mkdir C:/Users/ASUS/Desktop/Digital Design/Vivado/Nano_processor_v1/Nano_processor_v1.srcs/sources_1/new
file mkdir C:/Users/ASUS/Desktop/Digital Design/Vivado/Nano_processor_v1/Nano_processor_v1.srcs/sources_1/new
file mkdir C:/Users/ASUS/Desktop/Digital Design/Vivado/Nano_processor_v1/Nano_processor_v1.srcs/sources_1/new
file mkdir C:/Users/ASUS/Desktop/Digital Design/Vivado/Nano_processor_v1/Nano_processor_v1.srcs/sources_1/new
file mkdir {C:/Users/ASUS/Desktop/Digital Design/Vivado/Nano_processor_v1/Nano_processor_v1.srcs/sources_1/new}
close [ open {C:/Users/ASUS/Desktop/Digital Design/Vivado/Nano_processor_v1/Nano_processor_v1.srcs/sources_1/new/Lookup_Table_7_segment.vhd} w ]
add_files {{C:/Users/ASUS/Desktop/Digital Design/Vivado/Nano_processor_v1/Nano_processor_v1.srcs/sources_1/new/Lookup_Table_7_segment.vhd}}
update_compile_order -fileset sources_1
add_files -norecurse {{C:/Users/ASUS/Desktop/Digital Design/Vivado/Nano_processor_v1/Nano_processor_v1.srcs/sources_1/new/HA.vhd} {C:/Users/ASUS/Desktop/Digital Design/Vivado/Nano_processor_v1/Nano_processor_v1.srcs/sources_1/new/MUX_8_way_4_bit.vhd} {C:/Users/ASUS/Desktop/Digital Design/Vivado/Nano_processor_v1/Nano_processor_v1.srcs/sources_1/new/adder_4_bit.vhd} {C:/Users/ASUS/Desktop/Digital Design/Vivado/Nano_processor_v1/Nano_processor_v1.srcs/sources_1/new/Slow_Clk.vhd} {C:/Users/ASUS/Desktop/Digital Design/Vivado/Nano_processor_v1/Nano_processor_v1.srcs/sources_1/new/MUX_2_way_4_bit.vhd} {C:/Users/ASUS/Desktop/Digital Design/Vivado/Nano_processor_v1/Nano_processor_v1.srcs/sources_1/new/Instruction_Decoder.vhd} {C:/Users/ASUS/Desktop/Digital Design/Vivado/Nano_processor_v1/Nano_processor_v1.srcs/sources_1/new/RCA_4.vhd} {C:/Users/ASUS/Desktop/Digital Design/Vivado/Nano_processor_v1/Nano_processor_v1.srcs/sources_1/new/Program_Counter.vhd} {C:/Users/ASUS/Desktop/Digital Design/Vivado/Nano_processor_v1/Nano_processor_v1.srcs/sources_1/new/Programm_Rom.vhd} {C:/Users/ASUS/Desktop/Digital Design/Vivado/Nano_processor_v1/Nano_processor_v1.srcs/sources_1/new/Decoder_2_to_4.vhd} {C:/Users/ASUS/Desktop/Digital Design/Vivado/Nano_processor_v1/Nano_processor_v1.srcs/sources_1/new/Add_Sub.vhd} {C:/Users/ASUS/Desktop/Digital Design/Vivado/Nano_processor_v1/Nano_processor_v1.srcs/sources_1/new/Decoder_3_to_8.vhd} {C:/Users/ASUS/Desktop/Digital Design/Vivado/Nano_processor_v1/Nano_processor_v1.srcs/sources_1/new/Reg.vhd} {C:/Users/ASUS/Desktop/Digital Design/Vivado/Nano_processor_v1/Nano_processor_v1.srcs/sources_1/new/Register_Bank.vhd} {C:/Users/ASUS/Desktop/Digital Design/Vivado/Nano_processor_v1/Nano_processor_v1.srcs/sources_1/new/FA.vhd}}
update_compile_order -fileset sources_1
update_compile_order -fileset sources_1
exit
INFO: [Common 17-206] Exiting Vivado at Wed May 14 22:09:21 2025...
