#-----------------------------------------------------------
# Vivado v2018.2 (64-bit)
# SW Build 2258646 on Thu Jun 14 20:03:12 MDT 2018
# IP Build 2256618 on Thu Jun 14 22:10:49 MDT 2018
# Start of session at: Sun May 11 12:53:01 2025
# Process ID: 8636
# Current directory: C:/Nano_processor
# Command line: vivado.exe -gui_launcher_event rodinguilauncherevent11500 C:\Nano_processor\nanoprocessor.xpr
# Log file: C:/Nano_processor/vivado.log
# Journal file: C:/Nano_processor\vivado.jou
#-----------------------------------------------------------
start_gui
open_project C:/Nano_processor/nanoprocessor.xpr
Scanning sources...
Finished scanning sources
INFO: [IP_Flow 19-234] Refreshing IP repositories
INFO: [IP_Flow 19-1704] No user IP repositories specified
INFO: [IP_Flow 19-2313] Loaded Vivado IP repository 'C:/Xilinx/Vivado/2018.2/data/ip'.
update_compile_order -fileset sources_1
export_ip_user_files -of_objects  [get_files C:/Nano_processor/nanoprocessor.srcs/sources_1/imports/sources_1/new/Program_Counter.vhd] -no_script -reset -force -quiet
remove_files  C:/Nano_processor/nanoprocessor.srcs/sources_1/imports/sources_1/new/Program_Counter.vhd
file delete -force C:/Nano_processor/nanoprocessor.srcs/sources_1/imports/sources_1/new/Program_Counter.vhd
export_ip_user_files -of_objects  [get_files C:/Nano_processor/nanoprocessor.srcs/sim_1/imports/sim_1/new/TB_ProgramCounter.vhd] -no_script -reset -force -quiet
remove_files  -fileset sim_1 C:/Nano_processor/nanoprocessor.srcs/sim_1/imports/sim_1/new/TB_ProgramCounter.vhd
file delete -force C:/Nano_processor/nanoprocessor.srcs/sim_1/imports/sim_1/new/TB_ProgramCounter.vhd
reset_run synth_1
launch_runs synth_1 -jobs 6
[Sun May 11 12:54:25 2025] Launched synth_1...
Run output will be captured here: C:/Nano_processor/nanoprocessor.runs/synth_1/runme.log
launch_runs impl_1 -jobs 6
[Sun May 11 12:55:16 2025] Launched impl_1...
Run output will be captured here: C:/Nano_processor/nanoprocessor.runs/impl_1/runme.log
exit
INFO: [Common 17-206] Exiting Vivado at Sun May 11 12:56:26 2025...
