#-----------------------------------------------------------
# Vivado v2018.1 (64-bit)
# SW Build 2188600 on Wed Apr  4 18:40:38 MDT 2018
# IP Build 2185939 on Wed Apr  4 20:55:05 MDT 2018
# Start of session at: Wed May 14 21:38:28 2025
# Process ID: 7624
# Current directory: C:/Users/ASUS/Desktop/Digital Design/Vivado/nanoprocessor
# Command line: vivado.exe -gui_launcher_event rodinguilauncherevent17392 C:\Users\ASUS\Desktop\Digital Design\Vivado\nanoprocessor\nanoprocessor.xpr
# Log file: C:/Users/ASUS/Desktop/Digital Design/Vivado/nanoprocessor/vivado.log
# Journal file: C:/Users/ASUS/Desktop/Digital Design/Vivado/nanoprocessor\vivado.jou
#-----------------------------------------------------------
start_gui
open_project {C:/Users/ASUS/Desktop/Digital Design/Vivado/nanoprocessor/nanoprocessor.xpr}
INFO: [Project 1-313] Project file moved from 'E:/Nano_Prosessor' since last save.
Scanning sources...
Finished scanning sources
INFO: [IP_Flow 19-234] Refreshing IP repositories
INFO: [IP_Flow 19-1704] No user IP repositories specified
INFO: [IP_Flow 19-2313] Loaded Vivado IP repository 'D:/Applications/Vivado/2018.1/data/ip'.
update_compile_order -fileset sim_1
update_compile_order -fileset sources_1
close_project
open_project {C:/Users/ASUS/Desktop/Digital Design/Vivado/nanoprocessor/nanoprocessor.xpr}
INFO: [Project 1-313] Project file moved from 'E:/Nano_Prosessor' since last save.
Scanning sources...
Finished scanning sources
CRITICAL WARNING: [Project 1-505] Unrecognized Option Name Snapshot
INFO: [IP_Flow 19-234] Refreshing IP repositories
INFO: [IP_Flow 19-1704] No user IP repositories specified
INFO: [IP_Flow 19-2313] Loaded Vivado IP repository 'D:/Applications/Vivado/2018.1/data/ip'.
update_compile_order -fileset sources_1
update_compile_order -fileset sim_1
exit
INFO: [Common 17-206] Exiting Vivado at Wed May 14 21:45:20 2025...
