#-----------------------------------------------------------
# Vivado v2018.1 (64-bit)
# SW Build 2188600 on Wed Apr  4 18:40:38 MDT 2018
# IP Build 2185939 on Wed Apr  4 20:55:05 MDT 2018
# Start of session at: Wed May 14 21:07:14 2025
# Process ID: 31956
# Current directory: C:/Users/ASUS/Desktop/Digital Design/Vivado/nanoprocessor
# Command line: vivado.exe -gui_launcher_event rodinguilauncherevent13408 C:\Users\ASUS\Desktop\Digital Design\Vivado\nanoprocessor\nanoprocessor.xpr
# Log file: C:/Users/ASUS/Desktop/Digital Design/Vivado/nanoprocessor/vivado.log
# Journal file: C:/Users/ASUS/Desktop/Digital Design/Vivado/nanoprocessor\vivado.jou
#-----------------------------------------------------------
start_gui
open_project {C:/Users/ASUS/Desktop/Digital Design/Vivado/nanoprocessor/nanoprocessor.xpr}
CRITICAL WARNING: [Project 1-19] Could not find the file 'C:/Users/ASUS/Desktop/Digital Design/Vivado/nanoprocessor/nanoprocessor.srcs/sources_1/new/8_way_4_bit_MUX.vhd'.
CRITICAL WARNING: [Project 1-19] Could not find the file 'C:/Users/ASUS/Desktop/Digital Design/Vivado/nanoprocessor/nanoprocessor.srcs/sources_1/new/Decoder_2_to_4.vhd'.
CRITICAL WARNING: [Project 1-19] Could not find the file 'C:/Users/ASUS/Desktop/Digital Design/Vivado/nanoprocessor/nanoprocessor.srcs/sources_1/new/Decoder_3_to_8.vhd'.
CRITICAL WARNING: [Project 1-19] Could not find the file 'C:/Users/ASUS/Desktop/Digital Design/Vivado/nanoprocessor/nanoprocessor.srcs/sources_1/new/Register_Bank.vhd'.
CRITICAL WARNING: [Project 1-19] Could not find the file 'C:/Users/ASUS/Desktop/Digital Design/Vivado/nanoprocessor/nanoprocessor.srcs/sim_1/new/TB_Register_Bank.vhd'.
CRITICAL WARNING: [Project 1-19] Could not find the file 'C:/Users/ASUS/Desktop/Digital Design/Vivado/nanoprocessor/nanoprocessor.srcs/sim_1/new/TB_Decoder_3_to_8.vhd'.
CRITICAL WARNING: [Project 1-19] Could not find the file 'C:/Users/ASUS/Desktop/Digital Design/Vivado/nanoprocessor/nanoprocessor.srcs/sim_1/new/TB_Slow_Clk.vhd'.
CRITICAL WARNING: [Project 1-19] Could not find the file 'C:/Users/ASUS/Desktop/Digital Design/Vivado/nanoprocessor/nanoprocessor.srcs/sim_1/new/TB_Decoder_2_to_4.vhd'.
Scanning sources...
Finished scanning sources
INFO: [IP_Flow 19-234] Refreshing IP repositories
INFO: [IP_Flow 19-1704] No user IP repositories specified
INFO: [IP_Flow 19-2313] Loaded Vivado IP repository 'D:/Applications/Vivado/2018.1/data/ip'.
update_compile_order -fileset sources_1
