#-----------------------------------------------------------
# Vivado v2018.2 (64-bit)
# SW Build 2258646 on Thu Jun 14 20:03:12 MDT 2018
# IP Build 2256618 on Thu Jun 14 22:10:49 MDT 2018
# Start of session at: Sun May 11 11:57:40 2025
# Process ID: 5268
# Current directory: C:/Nano_processor
# Command line: vivado.exe -gui_launcher_event rodinguilauncherevent12968 C:\Nano_processor\nanoprocessor.xpr
# Log file: C:/Nano_processor/vivado.log
# Journal file: C:/Nano_processor\vivado.jou
#-----------------------------------------------------------
start_gui
open_project C:/Nano_processor/nanoprocessor.xpr
INFO: [Project 1-313] Project file moved from 'C:/Users/ASUS/Desktop/Digital Design/Vivado/nanoprocessor' since last save.
CRITICAL WARNING: [Project 1-311] Could not find the file 'C:/Nano_processor/nanoprocessor.srcs/sources_1/new/8_way_4_bit_MUX.vhd', nor could it be found using path 'C:/Users/ASUS/Desktop/Digital Design/Vivado/nanoprocessor/nanoprocessor.srcs/sources_1/new/8_way_4_bit_MUX.vhd'.
CRITICAL WARNING: [Project 1-311] Could not find the file 'C:/Nano_processor/nanoprocessor.srcs/sources_1/new/8_way_4_bit_MUX.vhd', nor could it be found using path 'C:/Users/ASUS/Desktop/Digital Design/Vivado/nanoprocessor/nanoprocessor.srcs/sources_1/new/8_way_4_bit_MUX.vhd'.
Scanning sources...
Finished scanning sources
INFO: [Project 1-230] Project 'nanoprocessor.xpr' upgraded for this version of Vivado.
INFO: [IP_Flow 19-234] Refreshing IP repositories
INFO: [IP_Flow 19-1704] No user IP repositories specified
INFO: [IP_Flow 19-2313] Loaded Vivado IP repository 'C:/Xilinx/Vivado/2018.2/data/ip'.
update_compile_order -fileset sources_1
update_compile_order -fileset sim_1
update_compile_order -fileset sources_1
export_ip_user_files -of_objects  [get_files C:/Nano_processor/nanoprocessor.srcs/sources_1/new/8_way_4_bit_MUX.vhd] -no_script -reset -force -quiet
remove_files  C:/Nano_processor/nanoprocessor.srcs/sources_1/new/8_way_4_bit_MUX.vhd
exit
INFO: [Common 17-206] Exiting Vivado at Sun May 11 12:01:36 2025...
