#-----------------------------------------------------------
# Webtalk v2018.1 (64-bit)
# SW Build 2188600 on Wed Apr  4 18:40:38 MDT 2018
# IP Build 2185939 on Wed Apr  4 20:55:05 MDT 2018
<<<<<<< HEAD
<<<<<<< HEAD
# Start of session at: Sun May  4 23:29:47 2025
# Process ID: 11628
# Current directory: E:/Nano_Prosessor/nanoprocessor.sim/sim_1/behav/xsim
# Command line: wbtcv.exe -mode batch -source E:/Nano_Prosessor/nanoprocessor.sim/sim_1/behav/xsim/xsim.dir/TB_Register_Bank_behav/webtalk/xsim_webtalk.tcl -notrace
# Log file: E:/Nano_Prosessor/nanoprocessor.sim/sim_1/behav/xsim/webtalk.log
# Journal file: E:/Nano_Prosessor/nanoprocessor.sim/sim_1/behav/xsim\webtalk.jou
#-----------------------------------------------------------
source E:/Nano_Prosessor/nanoprocessor.sim/sim_1/behav/xsim/xsim.dir/TB_Register_Bank_behav/webtalk/xsim_webtalk.tcl -notrace
INFO: [Common 17-206] Exiting Webtalk at Sun May  4 23:29:48 2025...
=======
# Start of session at: Mon May  5 23:07:52 2025
# Process ID: 5372
=======
# Start of session at: Wed May 14 17:52:02 2025
# Process ID: 24464
>>>>>>> lahiru
# Current directory: C:/Users/ASUS/Desktop/Digital Design/Vivado/nanoprocessor/nanoprocessor.sim/sim_1/behav/xsim
# Command line: wbtcv.exe -mode batch -source C:/Users/ASUS/Desktop/Digital Design/Vivado/nanoprocessor/nanoprocessor.sim/sim_1/behav/xsim/xsim.dir/adder_4_bit_Sim_behav/webtalk/xsim_webtalk.tcl -notrace
# Log file: C:/Users/ASUS/Desktop/Digital Design/Vivado/nanoprocessor/nanoprocessor.sim/sim_1/behav/xsim/webtalk.log
# Journal file: C:/Users/ASUS/Desktop/Digital Design/Vivado/nanoprocessor/nanoprocessor.sim/sim_1/behav/xsim\webtalk.jou
#-----------------------------------------------------------
source C:/Users/ASUS/Desktop/Digital -notrace
couldn't read file "C:/Users/ASUS/Desktop/Digital": permission denied
<<<<<<< HEAD
INFO: [Common 17-206] Exiting Webtalk at Mon May  5 23:07:52 2025...
>>>>>>> origin/lahiru
=======
INFO: [Common 17-206] Exiting Webtalk at Wed May 14 17:52:02 2025...
>>>>>>> lahiru
