Copyright 1986-2018 Xilinx, Inc. All Rights Reserved.
------------------------------------------------------------------------------------------
| Tool Version : Vivado v.2018.2 (win64) Build 2258646 Thu Jun 14 20:03:12 MDT 2018
| Date         : Sun May 11 13:21:21 2025
| Host         : Sande-Vivobook running 64-bit major release  (build 9200)
| Command      : report_control_sets -verbose -file Register_Bank_control_sets_placed.rpt
| Design       : Register_Bank
| Device       : xc7a35t
------------------------------------------------------------------------------------------

Control Set Information

Table of Contents
-----------------
1. Summary
2. Histogram
3. Flip-Flop Distribution
4. Detailed Control Set Information

1. Summary
----------

+----------------------------------------------------------+-------+
|                          Status                          | Count |
+----------------------------------------------------------+-------+
| Number of unique control sets                            |     8 |
| Unused register locations in slices containing registers |     0 |
+----------------------------------------------------------+-------+


2. Histogram
------------

+--------+--------------+
| Fanout | Control Sets |
+--------+--------------+
|      8 |            8 |
+--------+--------------+


3. Flip-Flop Distribution
-------------------------

+--------------+-----------------------+------------------------+-----------------+--------------+
| Clock Enable | Synchronous Set/Reset | Asynchronous Set/Reset | Total Registers | Total Slices |
+--------------+-----------------------+------------------------+-----------------+--------------+
| No           | No                    | No                     |               0 |            0 |
| No           | No                    | Yes                    |               0 |            0 |
| No           | Yes                   | No                     |               0 |            0 |
| Yes          | No                    | No                     |               0 |            0 |
| Yes          | No                    | Yes                    |               0 |            0 |
| Yes          | Yes                   | No                     |              64 |           14 |
+--------------+-----------------------+------------------------+-----------------+--------------+


4. Detailed Control Set Information
-----------------------------------

+----------------+-------------------------------+------------------+------------------+----------------+
|  Clock Signal  |         Enable Signal         | Set/Reset Signal | Slice Load Count | Bel Load Count |
+----------------+-------------------------------+------------------+------------------+----------------+
|  Clk_IBUF_BUFG | Decoder/Decoder_2_to_4_0/E[1] | Res_IBUF         |                3 |              8 |
|  Clk_IBUF_BUFG | Decoder/Decoder_2_to_4_1/E[1] | Res_IBUF         |                1 |              8 |
|  Clk_IBUF_BUFG | Decoder/Decoder_2_to_4_1/E[2] | Res_IBUF         |                1 |              8 |
|  Clk_IBUF_BUFG | Decoder/Decoder_2_to_4_0/E[3] | Res_IBUF         |                2 |              8 |
|  Clk_IBUF_BUFG | Decoder/Decoder_2_to_4_0/E[0] | Res_IBUF         |                1 |              8 |
|  Clk_IBUF_BUFG | Decoder/Decoder_2_to_4_1/E[0] | Res_IBUF         |                3 |              8 |
|  Clk_IBUF_BUFG | Decoder/Decoder_2_to_4_0/E[2] | Res_IBUF         |                2 |              8 |
|  Clk_IBUF_BUFG | Decoder/Decoder_2_to_4_1/E[3] | Res_IBUF         |                1 |              8 |
+----------------+-------------------------------+------------------+------------------+----------------+


